C51 COMPILER V9.52.0.0   74HC573                                                           12/16/2018 13:17:03 PAGE 1   


C51 COMPILER V9.52.0.0, COMPILATION OF MODULE 74HC573
OBJECT MODULE PLACED IN .\Listings\74HC573.obj
COMPILER INVOKED BY: C:\Keil\C51\BIN\C51.EXE USER\74HC573.c LARGE BROWSE INCDIR(.\USER) DEBUG OBJECTEXTEND PRINT(.\Listi
                    -ngs\74HC573.lst) TABS(2) OBJECT(.\Listings\74HC573.obj)

line level    source

   1          #include "74HC573.h"
   2          #include "Port.h"
   3          sbit PP1=P0^0;
   4          sbit PP2=P0^1;
   5          sbit PP3=P0^2;
   6          sbit PP4=P0^3;
   7          sbit PP5=P0^4;
   8          sbit PP6=P0^5;
   9          sbit PP7=P0^6;
  10          sbit PP8=P0^7;
  11          void Set_Pin(unsigned char Port,bit Statue)
  12          {
  13   1        unsigned char Temp=0xff;
  14   1        if(Statue==1)
  15   1        {
  16   2          switch(Port)
  17   2          {
  18   3            case 1:
  19   3              PP1=1;
  20   3              break;
  21   3            case 2:
  22   3              PP2=1;
  23   3              break;
  24   3            case 3:
  25   3              PP3=1;
  26   3              break;
  27   3            case 4:
  28   3              PP4=1;
  29   3              break;
  30   3            case 5:
  31   3              PP5=1;
  32   3              break;
  33   3            case 6:
  34   3              PP6=1;
  35   3              break;
  36   3            case 7:
  37   3              PP7=1;
  38   3              break;
  39   3            case 8:
  40   3              PP8=1;
  41   3              break;
  42   3          }
  43   2        }
  44   1        else
  45   1        {
  46   2          switch(Port)
  47   2          {
  48   3            case 1:
  49   3              PP1=0;
  50   3              break;
  51   3            case 2:
  52   3              PP2=0;
  53   3              break;
  54   3            case 3:
C51 COMPILER V9.52.0.0   74HC573                                                           12/16/2018 13:17:03 PAGE 2   

  55   3              PP3=0;
  56   3              break;
  57   3            case 4:
  58   3              PP4=0;
  59   3              break;
  60   3            case 5:
  61   3              PP5=0;
  62   3              break;
  63   3            case 6:
  64   3              PP6=0;
  65   3              break;
  66   3            case 7:
  67   3              PP7=0;
  68   3              break;
  69   3            case 8:
  70   3              PP8=0;
  71   3              break;
  72   3          }
  73   2        }
  74   1        Temp=0xff;
  75   1        HC573_LE=1;
  76   1        while(Temp--);
  77   1        HC573_LE=0;
  78   1      }


MODULE INFORMATION:   STATIC OVERLAYABLE
   CODE SIZE        =    173    ----
   CONSTANT SIZE    =   ----    ----
   XDATA SIZE       =   ----    ----
   PDATA SIZE       =   ----    ----
   DATA SIZE        =   ----    ----
   IDATA SIZE       =   ----    ----
   BIT SIZE         =   ----       1
END OF MODULE INFORMATION.


C51 COMPILATION COMPLETE.  0 WARNING(S),  0 ERROR(S)
