C51 COMPILER V9.52.0.0   DS18B20                                                           12/16/2018 13:17:03 PAGE 1   


C51 COMPILER V9.52.0.0, COMPILATION OF MODULE DS18B20
OBJECT MODULE PLACED IN .\Listings\DS18B20.obj
COMPILER INVOKED BY: C:\Keil\C51\BIN\C51.EXE USER\DS18B20.c LARGE BROWSE INCDIR(.\USER) DEBUG OBJECTEXTEND PRINT(.\Listi
                    -ngs\DS18B20.lst) TABS(2) OBJECT(.\Listings\DS18B20.obj)

line level    source

   1          #include "Port.h"
   2          #include "DS18B20.h"
   3          unsigned int wendu = 0x00;
   4          void Temp_Delay(unsigned char a1,b1,c1)
   5          {
   6   1          unsigned char a,b,c;
   7   1          for(a=0;a<a1;a++)
   8   1            for(b=0;b<b1;b++)
   9   1              for(c=0;c<c1;c++);
  10   1      }
  11          /*****************DS18B20******************/ 
  12          void Init_Ds18b20(void)     //DS18B20???send reset and initialization command
  13          {
  14   1          DS18B20 = 1;                     //DQ??,??????
  15   1          Temp_Delay(1,1,1);                  //????  10us
  16   1          DS18B20 = 0;                    //???????
  17   1          Temp_Delay(6,1,63); //600  us      //????,????480us
  18   1          //Delay(1,1,15); //20us
  19   1          DS18B20 = 1;                    //????,??????
  20   1          Temp_Delay(5,1,63); //500us               //???????,????DS18B20???????
  21   1      }
  22          unsigned char Read_One_Byte()       //?????????read a byte date                          //????,??????????
             -???????
  23          {
  24   1          unsigned char i   = 0;
  25   1          unsigned char dat = 0;
  26   1          for(i=8;i>0;i--)
  27   1          {
  28   2            DS18B20 = 0;                  //?????,??1us??????                   //???????????15us?????????
  29   2            _nop_();                 //?????1us,???????
  30   2            dat >>= 1;               //???????????,???????????
  31   2            DS18B20 = 1;                  //????,??DS18B20?????,?????????
  32   2            Temp_Delay(1,1,1);        //??10us,???????????,?????????????????15us??????
  33   2            if(DS18B20)                   //???????
  34   2            {
  35   3              dat |= 0x80;            //????1,?DQ?1,???dat?????1;??0,??????,???0
  36   3            }        
  37   2            Temp_Delay(1,1,8);       //20us        //??????,????????60us?
  38   2          }
  39   1        return (dat);
  40   1      }
  41          void Write_One_Byte(unsigned char dat)
  42          {
  43   1          unsigned char i = 0;
  44   1          for(i=8;i>0;i--)
  45   1          {
  46   2            DS18B20 = 0;                        //????
  47   2            _nop_();                       //?????1us,?????(???0????1??)??
  48   2            DS18B20 = dat&0x01;                 //???????????                             //??15us?DS18B20???????
  49   2            Temp_Delay(1,1,15);               //??????????60us
  50   2            DS18B20 = 1;                        //???,??????,
  51   2            dat >>= 1;
  52   2            Temp_Delay(1,1,1);
  53   2          }
C51 COMPILER V9.52.0.0   DS18B20                                                           12/16/2018 13:17:03 PAGE 2   

  54   1      }
  55          unsigned int Get_Temp()                   //????get the wenduerature
  56          {
  57   1        while(1)
  58   1        {
  59   2          float tt;
  60   2          unsigned char a,b;
  61   2          Init_Ds18b20();                //???
  62   2          Write_One_Byte(0xcc);          //??ROM??
  63   2          Write_One_Byte(0x44);          //??????
  64   2          Init_Ds18b20();                 //???
  65   2          Write_One_Byte(0xcc);          //??ROM??
  66   2          Write_One_Byte(0xbe);          //??????
  67   2          a = Read_One_Byte();           //????????????LSB
  68   2          b = Read_One_Byte();           //????????????MSB
  69   2          wendu = b;                      //???????????wendu
  70   2          wendu <<= 8;                    //???8????wendu????????
  71   2          wendu = wendu|a;                //???????????
  72   2          tt = wendu*0.0625;              //??????????                            //??????????????0.0625?
  73   2          wendu = tt*10+0.5;               //????                             //?????????????
  74   2          if(wendu<500&&wendu>0)
  75   2            break;
  76   2        }
  77   1        return wendu;
  78   1      }


MODULE INFORMATION:   STATIC OVERLAYABLE
   CODE SIZE        =    406    ----
   CONSTANT SIZE    =   ----    ----
   XDATA SIZE       =      2      15
   PDATA SIZE       =   ----    ----
   DATA SIZE        =   ----    ----
   IDATA SIZE       =   ----    ----
   BIT SIZE         =   ----    ----
END OF MODULE INFORMATION.


C51 COMPILATION COMPLETE.  0 WARNING(S),  0 ERROR(S)
