C51 COMPILER V9.52.0.0   SERIAL                                                            12/16/2018 13:17:02 PAGE 1   


C51 COMPILER V9.52.0.0, COMPILATION OF MODULE SERIAL
OBJECT MODULE PLACED IN .\Listings\Serial.obj
COMPILER INVOKED BY: C:\Keil\C51\BIN\C51.EXE USER\Serial.c LARGE BROWSE INCDIR(.\USER) DEBUG OBJECTEXTEND PRINT(.\Listin
                    -gs\Serial.lst) TABS(2) OBJECT(.\Listings\Serial.obj)

line level    source

   1          #include "Port.h"
   2          #include "Serial.h"
   3          #include "STC12_IT.h"
   4          void UART1_Int(void) interrupt 4 
   5          { 
   6   1        if (RI == 1) 
   7   1        { 
   8   2          RI = 0; 
   9   2          USART_IT_Confguration(SBUF); 
  10   2        } 
  11   1      } 
  12          void Serial_Init(void)
  13          {
  14   1         EA = 1;
  15   1         ES = 1;
  16   1         PCON &= 0x7f;  //??????
  17   1         SCON = 0x50;  //8???,?????
  18   1         BRT = 0xFD;      //?????????????
  19   1         AUXR |= 0x04;  //???????????Fosc,?1T
  20   1         AUXR |= 0x01;  //??1?????????????????
  21   1         AUXR |= 0x10;  //??????????
  22   1      }
  23          char putchar (unsigned char i)
  24          {
  25   1          ES     =   0;  //?????
  26   1          TI     =   0;  //??????????????
  27   1          SBUF   =   i;
  28   1          while(TI ==0); //??????
  29   1          TI     =   0;  //??????????????
  30   1          ES     =   1;  //??????
  31   1          return SBUF;
  32   1      }


MODULE INFORMATION:   STATIC OVERLAYABLE
   CODE SIZE        =    105    ----
   CONSTANT SIZE    =   ----    ----
   XDATA SIZE       =   ----    ----
   PDATA SIZE       =   ----    ----
   DATA SIZE        =   ----    ----
   IDATA SIZE       =   ----    ----
   BIT SIZE         =   ----    ----
END OF MODULE INFORMATION.


C51 COMPILATION COMPLETE.  0 WARNING(S),  0 ERROR(S)
