C51 COMPILER V9.52.0.0   USER_PROGRAM                                                      12/16/2018 13:17:04 PAGE 1   


C51 COMPILER V9.52.0.0, COMPILATION OF MODULE USER_PROGRAM
OBJECT MODULE PLACED IN .\Listings\User_Program.obj
COMPILER INVOKED BY: C:\Keil\C51\BIN\C51.EXE USER\User_Program.c LARGE BROWSE INCDIR(.\USER) DEBUG OBJECTEXTEND PRINT(.\
                    -Listings\User_Program.lst) TABS(2) OBJECT(.\Listings\User_Program.obj)

line level    source

   1          #include "User_Program.h"
   2          void User_Program()
   3          {
   4   1        LCD1602_Writecom(0x80);
   5   1        LCD1602_SendString("User Programe");
   6   1        LCD1602_Writecom(0x80+0x40);
   7   1        LCD1602_SendString("Hello 8051");
   8   1          //此处写入用户程序
   9   1      }
  10          /*
  11          unsigned int Get_AD_Result(unsigned char chunnel);
  12          
  13          */


MODULE INFORMATION:   STATIC OVERLAYABLE
   CODE SIZE        =     28    ----
   CONSTANT SIZE    =     25    ----
   XDATA SIZE       =   ----    ----
   PDATA SIZE       =   ----    ----
   DATA SIZE        =   ----    ----
   IDATA SIZE       =   ----    ----
   BIT SIZE         =   ----    ----
END OF MODULE INFORMATION.


C51 COMPILATION COMPLETE.  0 WARNING(S),  0 ERROR(S)
